<?xml version='1.0' encoding='UTF-8' ?>
<testsuite name="com.example.android.KEMTest" tests="73" failures="0" errors="0" skipped="0" time="46.011" timestamp="2023-04-11T03:19:00" hostname="localhost">
  <properties>
    <property name="device" value="Nexus_7_2012_API_24(AVD) - 7.0" />
    <property name="flavor" value="" />
    <property name="project" value="liboqs-android" />
  </properties>
  <testcase name="testAllKEMs[BIKE-L1]" classname="com.example.android.KEMTest" time="0.0" />
  <testcase name="testAllKEMs[BIKE-L3]" classname="com.example.android.KEMTest" time="0.0" />
  <testcase name="testAllKEMs[BIKE-L5]" classname="com.example.android.KEMTest" time="0.0" />
  <testcase name="testAllKEMs[Classic-McEliece-348864]" classname="com.example.android.KEMTest" time="0.127" />
  <testcase name="testAllKEMs[Classic-McEliece-348864f]" classname="com.example.android.KEMTest" time="0.103" />
  <testcase name="testAllKEMs[Classic-McEliece-460896]" classname="com.example.android.KEMTest" time="0.385" />
  <testcase name="testAllKEMs[Classic-McEliece-460896f]" classname="com.example.android.KEMTest" time="0.36" />
  <testcase name="testAllKEMs[Classic-McEliece-6688128]" classname="com.example.android.KEMTest" time="0.47" />
  <testcase name="testAllKEMs[Classic-McEliece-6688128f]" classname="com.example.android.KEMTest" time="0.462" />
  <testcase name="testAllKEMs[Classic-McEliece-6960119]" classname="com.example.android.KEMTest" time="0.56" />
  <testcase name="testAllKEMs[Classic-McEliece-6960119f]" classname="com.example.android.KEMTest" time="0.489" />
  <testcase name="testAllKEMs[Classic-McEliece-8192128]" classname="com.example.android.KEMTest" time="1.217" />
  <testcase name="testAllKEMs[Classic-McEliece-8192128f]" classname="com.example.android.KEMTest" time="0.715" />
  <testcase name="testAllKEMs[HQC-128]" classname="com.example.android.KEMTest" time="0.0" />
  <testcase name="testAllKEMs[HQC-192]" classname="com.example.android.KEMTest" time="0.028" />
  <testcase name="testAllKEMs[HQC-256]" classname="com.example.android.KEMTest" time="0.0" />
  <testcase name="testAllKEMs[Kyber512]" classname="com.example.android.KEMTest" time="0.027" />
  <testcase name="testAllKEMs[Kyber768]" classname="com.example.android.KEMTest" time="0.0" />
  <testcase name="testAllKEMs[Kyber1024]" classname="com.example.android.KEMTest" time="0.0" />
  <testcase name="testAllKEMs[Kyber512-90s]" classname="com.example.android.KEMTest" time="0.0" />
  <testcase name="testAllKEMs[Kyber768-90s]" classname="com.example.android.KEMTest" time="0.0" />
  <testcase name="testAllKEMs[Kyber1024-90s]" classname="com.example.android.KEMTest" time="0.0" />
  <testcase name="testAllKEMs[sntrup761]" classname="com.example.android.KEMTest" time="0.027" />
  <testcase name="testAllKEMs[FrodoKEM-640-AES]" classname="com.example.android.KEMTest" time="0.0" />
  <testcase name="testAllKEMs[FrodoKEM-640-SHAKE]" classname="com.example.android.KEMTest" time="0.026" />
  <testcase name="testAllKEMs[FrodoKEM-976-AES]" classname="com.example.android.KEMTest" time="0.027" />
  <testcase name="testAllKEMs[FrodoKEM-976-SHAKE]" classname="com.example.android.KEMTest" time="0.051" />
  <testcase name="testAllKEMs[FrodoKEM-1344-AES]" classname="com.example.android.KEMTest" time="0.025" />
  <testcase name="testAllKEMs[FrodoKEM-1344-SHAKE]" classname="com.example.android.KEMTest" time="0.076" />
  <testcase name="testAllSigs[Dilithium2]" classname="com.example.android.SignatureTest" time="0.0" />
  <testcase name="testAllSigs[Dilithium3]" classname="com.example.android.SignatureTest" time="0.0" />
  <testcase name="testAllSigs[Dilithium5]" classname="com.example.android.SignatureTest" time="0.026" />
  <testcase name="testAllSigs[Dilithium2-AES]" classname="com.example.android.SignatureTest" time="0.0" />
  <testcase name="testAllSigs[Dilithium3-AES]" classname="com.example.android.SignatureTest" time="0.0" />
  <testcase name="testAllSigs[Dilithium5-AES]" classname="com.example.android.SignatureTest" time="0.0" />
  <testcase name="testAllSigs[Falcon-512]" classname="com.example.android.SignatureTest" time="0.026" />
  <testcase name="testAllSigs[Falcon-1024]" classname="com.example.android.SignatureTest" time="0.129" />
  <testcase name="testAllSigs[SPHINCS+-Haraka-128f-robust]" classname="com.example.android.SignatureTest" time="0.0" />
  <testcase name="testAllSigs[SPHINCS+-Haraka-128f-simple]" classname="com.example.android.SignatureTest" time="0.0" />
  <testcase name="testAllSigs[SPHINCS+-Haraka-128s-robust]" classname="com.example.android.SignatureTest" time="0.231" />
  <testcase name="testAllSigs[SPHINCS+-Haraka-128s-simple]" classname="com.example.android.SignatureTest" time="0.18" />
  <testcase name="testAllSigs[SPHINCS+-Haraka-192f-robust]" classname="com.example.android.SignatureTest" time="0.026" />
  <testcase name="testAllSigs[SPHINCS+-Haraka-192f-simple]" classname="com.example.android.SignatureTest" time="0.026" />
  <testcase name="testAllSigs[SPHINCS+-Haraka-192s-robust]" classname="com.example.android.SignatureTest" time="0.462" />
  <testcase name="testAllSigs[SPHINCS+-Haraka-192s-simple]" classname="com.example.android.SignatureTest" time="0.307" />
  <testcase name="testAllSigs[SPHINCS+-Haraka-256f-robust]" classname="com.example.android.SignatureTest" time="0.027" />
  <testcase name="testAllSigs[SPHINCS+-Haraka-256f-simple]" classname="com.example.android.SignatureTest" time="0.052" />
  <testcase name="testAllSigs[SPHINCS+-Haraka-256s-robust]" classname="com.example.android.SignatureTest" time="0.309" />
  <testcase name="testAllSigs[SPHINCS+-Haraka-256s-simple]" classname="com.example.android.SignatureTest" time="0.256" />
  <testcase name="testAllSigs[SPHINCS+-SHA256-128f-robust]" classname="com.example.android.SignatureTest" time="0.179" />
  <testcase name="testAllSigs[SPHINCS+-SHA256-128f-simple]" classname="com.example.android.SignatureTest" time="0.08" />
  <testcase name="testAllSigs[SPHINCS+-SHA256-128s-robust]" classname="com.example.android.SignatureTest" time="2.724" />
  <testcase name="testAllSigs[SPHINCS+-SHA256-128s-simple]" classname="com.example.android.SignatureTest" time="1.334" />
  <testcase name="testAllSigs[SPHINCS+-SHA256-192f-robust]" classname="com.example.android.SignatureTest" time="0.282" />
  <testcase name="testAllSigs[SPHINCS+-SHA256-192f-simple]" classname="com.example.android.SignatureTest" time="0.177" />
  <testcase name="testAllSigs[SPHINCS+-SHA256-192s-robust]" classname="com.example.android.SignatureTest" time="4.044" />
  <testcase name="testAllSigs[SPHINCS+-SHA256-192s-simple]" classname="com.example.android.SignatureTest" time="1.333" />
  <testcase name="testAllSigs[SPHINCS+-SHA256-256f-robust]" classname="com.example.android.SignatureTest" time="0.308" />
  <testcase name="testAllSigs[SPHINCS+-SHA256-256f-simple]" classname="com.example.android.SignatureTest" time="0.127" />
  <testcase name="testAllSigs[SPHINCS+-SHA256-256s-robust]" classname="com.example.android.SignatureTest" time="3.383" />
  <testcase name="testAllSigs[SPHINCS+-SHA256-256s-simple]" classname="com.example.android.SignatureTest" time="1.872" />
  <testcase name="testAllSigs[SPHINCS+-SHAKE256-128f-robust]" classname="com.example.android.SignatureTest" time="0.179" />
  <testcase name="testAllSigs[SPHINCS+-SHAKE256-128f-simple]" classname="com.example.android.SignatureTest" time="0.128" />
  <testcase name="testAllSigs[SPHINCS+-SHAKE256-128s-robust]" classname="com.example.android.SignatureTest" time="2.992" />
  <testcase name="testAllSigs[SPHINCS+-SHAKE256-128s-simple]" classname="com.example.android.SignatureTest" time="2.055" />
  <testcase name="testAllSigs[SPHINCS+-SHAKE256-192f-robust]" classname="com.example.android.SignatureTest" time="0.233" />
  <testcase name="testAllSigs[SPHINCS+-SHAKE256-192f-simple]" classname="com.example.android.SignatureTest" time="0.155" />
  <testcase name="testAllSigs[SPHINCS+-SHAKE256-192s-robust]" classname="com.example.android.SignatureTest" time="6.361" />
  <testcase name="testAllSigs[SPHINCS+-SHAKE256-192s-simple]" classname="com.example.android.SignatureTest" time="3.441" />
  <testcase name="testAllSigs[SPHINCS+-SHAKE256-256f-robust]" classname="com.example.android.SignatureTest" time="0.467" />
  <testcase name="testAllSigs[SPHINCS+-SHAKE256-256f-simple]" classname="com.example.android.SignatureTest" time="0.281" />
  <testcase name="testAllSigs[SPHINCS+-SHAKE256-256s-robust]" classname="com.example.android.SignatureTest" time="4.123" />
  <testcase name="testAllSigs[SPHINCS+-SHAKE256-256s-simple]" classname="com.example.android.SignatureTest" time="2.324" />
</testsuite>